<?xml version="1.0" encoding="UTF-8"?>
<!-- Generated by org.testng.reporters.JUnitXMLReporter -->
<testsuite hostname="DESKTOP-84BCDDP" ignored="0" name="Test" tests="27" failures="7" timestamp="20 Oct 2017 09:10:16 GMT" time="1013.773" errors="0">
  <testcase name="testUsingExcel" time="49.161" classname="portalvalidation.NewtRegistration"/>
  <testcase name="testUsingExcel" time="47.142" classname="portalvalidation.NewtRegistration"/>
  <testcase name="testUsingExcel" time="23.381" classname="portalvalidation.NewtRegistration">
    <failure type="org.openqa.selenium.NoSuchElementException" message="Unable to locate element: .md-dialog-content.warning-pop
For documentation on this error, please visit: http://seleniumhq.org/exceptions/no_such_element.html
Build info: version: &amp;apos;3.0.1&amp;apos;, revision: &amp;apos;1969d75&amp;apos;, time: &amp;apos;2016-10-18 09:49:13 -0700&amp;apos;
System info: host: &amp;apos;DESKTOP-84BCDDP&amp;apos;, ip: &amp;apos;192.168.56.1&amp;apos;, os.name: &amp;apos;Windows 10&amp;apos;, os.arch: &amp;apos;amd64&amp;apos;, os.version: &amp;apos;10.0&amp;apos;, java.version: &amp;apos;1.8.0_121&amp;apos;
Driver info: org.openqa.selenium.firefox.FirefoxDriver
Capabilities [{moz:profile=C:\Users\User\AppData\Local\Temp\rust_mozprofile.9O3yCvDAD7UA, rotatable=false, timeouts={implicit=0, page load=300000, script=30000}, pageLoadStrategy=normal, platform=ANY, specificationLevel=0, moz:accessibilityChecks=false, acceptInsecureCerts=false, browserVersion=52.0, platformVersion=10.0, moz:processID=7076, browserName=firefox, platformName=windows_nt}]
Session ID: 44a84aaf-5fb7-441d-9544-4c0fcb0154b4
*** Element info: {Using=css selector, value=.md-dialog-content.warning-pop}">
      <![CDATA[org.openqa.selenium.NoSuchElementException: Unable to locate element: .md-dialog-content.warning-pop
For documentation on this error, please visit: http://seleniumhq.org/exceptions/no_such_element.html
Build info: version: '3.0.1', revision: '1969d75', time: '2016-10-18 09:49:13 -0700'
System info: host: 'DESKTOP-84BCDDP', ip: '192.168.56.1', os.name: 'Windows 10', os.arch: 'amd64', os.version: '10.0', java.version: '1.8.0_121'
Driver info: org.openqa.selenium.firefox.FirefoxDriver
Capabilities [{moz:profile=C:\Users\User\AppData\Local\Temp\rust_mozprofile.9O3yCvDAD7UA, rotatable=false, timeouts={implicit=0, page load=300000, script=30000}, pageLoadStrategy=normal, platform=ANY, specificationLevel=0, moz:accessibilityChecks=false, acceptInsecureCerts=false, browserVersion=52.0, platformVersion=10.0, moz:processID=7076, browserName=firefox, platformName=windows_nt}]
Session ID: 44a84aaf-5fb7-441d-9544-4c0fcb0154b4
*** Element info: {Using=css selector, value=.md-dialog-content.warning-pop}
	at org.openqa.selenium.remote.http.W3CHttpResponseCodec.createException(W3CHttpResponseCodec.java:127)
	at org.openqa.selenium.remote.http.W3CHttpResponseCodec.decode(W3CHttpResponseCodec.java:93)
	at org.openqa.selenium.remote.http.W3CHttpResponseCodec.decode(W3CHttpResponseCodec.java:42)
	at org.openqa.selenium.remote.HttpCommandExecutor.execute(HttpCommandExecutor.java:163)
	at org.openqa.selenium.remote.service.DriverCommandExecutor.execute(DriverCommandExecutor.java:82)
	at org.openqa.selenium.remote.RemoteWebDriver.execute(RemoteWebDriver.java:601)
	at org.openqa.selenium.remote.RemoteWebDriver.findElement(RemoteWebDriver.java:368)
	at org.openqa.selenium.remote.RemoteWebDriver.findElementByCssSelector(RemoteWebDriver.java:465)
	at org.openqa.selenium.By$ByCssSelector.findElement(By.java:430)
	at org.openqa.selenium.remote.RemoteWebDriver.findElement(RemoteWebDriver.java:360)
	at portalvalidation.NewtRegistration.testUsingExcel(NewtRegistration.java:120)
... Removed 29 stack frames]]>
    </failure>
  </testcase> <!-- testUsingExcel -->
  <testcase name="testUsingExcel" time="33.936" classname="portalvalidation.NewtRegistration"/>
  <testcase name="testUsingExcel" time="33.498" classname="portalvalidation.NewtRegistration"/>
  <testcase name="testUsingExcel" time="33.65" classname="portalvalidation.NewtRegistration"/>
  <testcase name="testUsingExcel" time="33.89" classname="portalvalidation.NewtRegistration"/>
  <testcase name="testUsingExcel" time="33.72" classname="portalvalidation.NewtRegistration"/>
  <testcase name="testUsingExcel" time="34.247" classname="portalvalidation.NewtRegistration"/>
  <testcase name="testUsingExcel" time="28.342" classname="portalvalidation.NewtRegistration">
    <failure type="org.openqa.selenium.NoSuchElementException" message="Unable to locate element: .md-dialog-content.warning-pop
For documentation on this error, please visit: http://seleniumhq.org/exceptions/no_such_element.html
Build info: version: &amp;apos;3.0.1&amp;apos;, revision: &amp;apos;1969d75&amp;apos;, time: &amp;apos;2016-10-18 09:49:13 -0700&amp;apos;
System info: host: &amp;apos;DESKTOP-84BCDDP&amp;apos;, ip: &amp;apos;192.168.56.1&amp;apos;, os.name: &amp;apos;Windows 10&amp;apos;, os.arch: &amp;apos;amd64&amp;apos;, os.version: &amp;apos;10.0&amp;apos;, java.version: &amp;apos;1.8.0_121&amp;apos;
Driver info: org.openqa.selenium.firefox.FirefoxDriver
Capabilities [{moz:profile=C:\Users\User\AppData\Local\Temp\rust_mozprofile.9O3yCvDAD7UA, rotatable=false, timeouts={implicit=0, page load=300000, script=30000}, pageLoadStrategy=normal, platform=ANY, specificationLevel=0, moz:accessibilityChecks=false, acceptInsecureCerts=false, browserVersion=52.0, platformVersion=10.0, moz:processID=7076, browserName=firefox, platformName=windows_nt}]
Session ID: 44a84aaf-5fb7-441d-9544-4c0fcb0154b4
*** Element info: {Using=css selector, value=.md-dialog-content.warning-pop}">
      <![CDATA[org.openqa.selenium.NoSuchElementException: Unable to locate element: .md-dialog-content.warning-pop
For documentation on this error, please visit: http://seleniumhq.org/exceptions/no_such_element.html
Build info: version: '3.0.1', revision: '1969d75', time: '2016-10-18 09:49:13 -0700'
System info: host: 'DESKTOP-84BCDDP', ip: '192.168.56.1', os.name: 'Windows 10', os.arch: 'amd64', os.version: '10.0', java.version: '1.8.0_121'
Driver info: org.openqa.selenium.firefox.FirefoxDriver
Capabilities [{moz:profile=C:\Users\User\AppData\Local\Temp\rust_mozprofile.9O3yCvDAD7UA, rotatable=false, timeouts={implicit=0, page load=300000, script=30000}, pageLoadStrategy=normal, platform=ANY, specificationLevel=0, moz:accessibilityChecks=false, acceptInsecureCerts=false, browserVersion=52.0, platformVersion=10.0, moz:processID=7076, browserName=firefox, platformName=windows_nt}]
Session ID: 44a84aaf-5fb7-441d-9544-4c0fcb0154b4
*** Element info: {Using=css selector, value=.md-dialog-content.warning-pop}
	at org.openqa.selenium.remote.http.W3CHttpResponseCodec.createException(W3CHttpResponseCodec.java:127)
	at org.openqa.selenium.remote.http.W3CHttpResponseCodec.decode(W3CHttpResponseCodec.java:93)
	at org.openqa.selenium.remote.http.W3CHttpResponseCodec.decode(W3CHttpResponseCodec.java:42)
	at org.openqa.selenium.remote.HttpCommandExecutor.execute(HttpCommandExecutor.java:163)
	at org.openqa.selenium.remote.service.DriverCommandExecutor.execute(DriverCommandExecutor.java:82)
	at org.openqa.selenium.remote.RemoteWebDriver.execute(RemoteWebDriver.java:601)
	at org.openqa.selenium.remote.RemoteWebDriver.findElement(RemoteWebDriver.java:368)
	at org.openqa.selenium.remote.RemoteWebDriver.findElementByCssSelector(RemoteWebDriver.java:465)
	at org.openqa.selenium.By$ByCssSelector.findElement(By.java:430)
	at org.openqa.selenium.remote.RemoteWebDriver.findElement(RemoteWebDriver.java:360)
	at portalvalidation.NewtRegistration.testUsingExcel(NewtRegistration.java:155)
... Removed 29 stack frames]]>
    </failure>
  </testcase> <!-- testUsingExcel -->
  <testcase name="testUsingExcel" time="24.219" classname="portalvalidation.NewtRegistration">
    <failure type="org.openqa.selenium.NoSuchElementException" message="Unable to locate element: .md-dialog-content.warning-pop
For documentation on this error, please visit: http://seleniumhq.org/exceptions/no_such_element.html
Build info: version: &amp;apos;3.0.1&amp;apos;, revision: &amp;apos;1969d75&amp;apos;, time: &amp;apos;2016-10-18 09:49:13 -0700&amp;apos;
System info: host: &amp;apos;DESKTOP-84BCDDP&amp;apos;, ip: &amp;apos;192.168.56.1&amp;apos;, os.name: &amp;apos;Windows 10&amp;apos;, os.arch: &amp;apos;amd64&amp;apos;, os.version: &amp;apos;10.0&amp;apos;, java.version: &amp;apos;1.8.0_121&amp;apos;
Driver info: org.openqa.selenium.firefox.FirefoxDriver
Capabilities [{moz:profile=C:\Users\User\AppData\Local\Temp\rust_mozprofile.9O3yCvDAD7UA, rotatable=false, timeouts={implicit=0, page load=300000, script=30000}, pageLoadStrategy=normal, platform=ANY, specificationLevel=0, moz:accessibilityChecks=false, acceptInsecureCerts=false, browserVersion=52.0, platformVersion=10.0, moz:processID=7076, browserName=firefox, platformName=windows_nt}]
Session ID: 44a84aaf-5fb7-441d-9544-4c0fcb0154b4
*** Element info: {Using=css selector, value=.md-dialog-content.warning-pop}">
      <![CDATA[org.openqa.selenium.NoSuchElementException: Unable to locate element: .md-dialog-content.warning-pop
For documentation on this error, please visit: http://seleniumhq.org/exceptions/no_such_element.html
Build info: version: '3.0.1', revision: '1969d75', time: '2016-10-18 09:49:13 -0700'
System info: host: 'DESKTOP-84BCDDP', ip: '192.168.56.1', os.name: 'Windows 10', os.arch: 'amd64', os.version: '10.0', java.version: '1.8.0_121'
Driver info: org.openqa.selenium.firefox.FirefoxDriver
Capabilities [{moz:profile=C:\Users\User\AppData\Local\Temp\rust_mozprofile.9O3yCvDAD7UA, rotatable=false, timeouts={implicit=0, page load=300000, script=30000}, pageLoadStrategy=normal, platform=ANY, specificationLevel=0, moz:accessibilityChecks=false, acceptInsecureCerts=false, browserVersion=52.0, platformVersion=10.0, moz:processID=7076, browserName=firefox, platformName=windows_nt}]
Session ID: 44a84aaf-5fb7-441d-9544-4c0fcb0154b4
*** Element info: {Using=css selector, value=.md-dialog-content.warning-pop}
	at org.openqa.selenium.remote.http.W3CHttpResponseCodec.createException(W3CHttpResponseCodec.java:127)
	at org.openqa.selenium.remote.http.W3CHttpResponseCodec.decode(W3CHttpResponseCodec.java:93)
	at org.openqa.selenium.remote.http.W3CHttpResponseCodec.decode(W3CHttpResponseCodec.java:42)
	at org.openqa.selenium.remote.HttpCommandExecutor.execute(HttpCommandExecutor.java:163)
	at org.openqa.selenium.remote.service.DriverCommandExecutor.execute(DriverCommandExecutor.java:82)
	at org.openqa.selenium.remote.RemoteWebDriver.execute(RemoteWebDriver.java:601)
	at org.openqa.selenium.remote.RemoteWebDriver.findElement(RemoteWebDriver.java:368)
	at org.openqa.selenium.remote.RemoteWebDriver.findElementByCssSelector(RemoteWebDriver.java:465)
	at org.openqa.selenium.By$ByCssSelector.findElement(By.java:430)
	at org.openqa.selenium.remote.RemoteWebDriver.findElement(RemoteWebDriver.java:360)
	at portalvalidation.NewtRegistration.testUsingExcel(NewtRegistration.java:183)
... Removed 29 stack frames]]>
    </failure>
  </testcase> <!-- testUsingExcel -->
  <testcase name="testUsingExcel" time="20.412" classname="portalvalidation.NewtRegistration">
    <failure type="org.openqa.selenium.NoSuchElementException" message="Unable to locate element: .md-dialog-content.warning-pop
For documentation on this error, please visit: http://seleniumhq.org/exceptions/no_such_element.html
Build info: version: &amp;apos;3.0.1&amp;apos;, revision: &amp;apos;1969d75&amp;apos;, time: &amp;apos;2016-10-18 09:49:13 -0700&amp;apos;
System info: host: &amp;apos;DESKTOP-84BCDDP&amp;apos;, ip: &amp;apos;192.168.56.1&amp;apos;, os.name: &amp;apos;Windows 10&amp;apos;, os.arch: &amp;apos;amd64&amp;apos;, os.version: &amp;apos;10.0&amp;apos;, java.version: &amp;apos;1.8.0_121&amp;apos;
Driver info: org.openqa.selenium.firefox.FirefoxDriver
Capabilities [{moz:profile=C:\Users\User\AppData\Local\Temp\rust_mozprofile.9O3yCvDAD7UA, rotatable=false, timeouts={implicit=0, page load=300000, script=30000}, pageLoadStrategy=normal, platform=ANY, specificationLevel=0, moz:accessibilityChecks=false, acceptInsecureCerts=false, browserVersion=52.0, platformVersion=10.0, moz:processID=7076, browserName=firefox, platformName=windows_nt}]
Session ID: 44a84aaf-5fb7-441d-9544-4c0fcb0154b4
*** Element info: {Using=css selector, value=.md-dialog-content.warning-pop}">
      <![CDATA[org.openqa.selenium.NoSuchElementException: Unable to locate element: .md-dialog-content.warning-pop
For documentation on this error, please visit: http://seleniumhq.org/exceptions/no_such_element.html
Build info: version: '3.0.1', revision: '1969d75', time: '2016-10-18 09:49:13 -0700'
System info: host: 'DESKTOP-84BCDDP', ip: '192.168.56.1', os.name: 'Windows 10', os.arch: 'amd64', os.version: '10.0', java.version: '1.8.0_121'
Driver info: org.openqa.selenium.firefox.FirefoxDriver
Capabilities [{moz:profile=C:\Users\User\AppData\Local\Temp\rust_mozprofile.9O3yCvDAD7UA, rotatable=false, timeouts={implicit=0, page load=300000, script=30000}, pageLoadStrategy=normal, platform=ANY, specificationLevel=0, moz:accessibilityChecks=false, acceptInsecureCerts=false, browserVersion=52.0, platformVersion=10.0, moz:processID=7076, browserName=firefox, platformName=windows_nt}]
Session ID: 44a84aaf-5fb7-441d-9544-4c0fcb0154b4
*** Element info: {Using=css selector, value=.md-dialog-content.warning-pop}
	at org.openqa.selenium.remote.http.W3CHttpResponseCodec.createException(W3CHttpResponseCodec.java:127)
	at org.openqa.selenium.remote.http.W3CHttpResponseCodec.decode(W3CHttpResponseCodec.java:93)
	at org.openqa.selenium.remote.http.W3CHttpResponseCodec.decode(W3CHttpResponseCodec.java:42)
	at org.openqa.selenium.remote.HttpCommandExecutor.execute(HttpCommandExecutor.java:163)
	at org.openqa.selenium.remote.service.DriverCommandExecutor.execute(DriverCommandExecutor.java:82)
	at org.openqa.selenium.remote.RemoteWebDriver.execute(RemoteWebDriver.java:601)
	at org.openqa.selenium.remote.RemoteWebDriver.findElement(RemoteWebDriver.java:368)
	at org.openqa.selenium.remote.RemoteWebDriver.findElementByCssSelector(RemoteWebDriver.java:465)
	at org.openqa.selenium.By$ByCssSelector.findElement(By.java:430)
	at org.openqa.selenium.remote.RemoteWebDriver.findElement(RemoteWebDriver.java:360)
	at portalvalidation.NewtRegistration.testUsingExcel(NewtRegistration.java:215)
... Removed 29 stack frames]]>
    </failure>
  </testcase> <!-- testUsingExcel -->
  <testcase name="testUsingExcel" time="33.68" classname="portalvalidation.NewtRegistration"/>
  <testcase name="testUsingExcel" time="37.884" classname="portalvalidation.NewtRegistration"/>
  <testcase name="testUsingExcel" time="25.909" classname="portalvalidation.NewtRegistration"/>
  <testcase name="testUsingExcel" time="40.034" classname="portalvalidation.NewtRegistration"/>
  <testcase name="testUsingExcel" time="35.008" classname="portalvalidation.NewtRegistration">
    <failure type="org.openqa.selenium.NoSuchElementException" message="Unable to locate element: .md-dialog-content.warning-pop
For documentation on this error, please visit: http://seleniumhq.org/exceptions/no_such_element.html
Build info: version: &amp;apos;3.0.1&amp;apos;, revision: &amp;apos;1969d75&amp;apos;, time: &amp;apos;2016-10-18 09:49:13 -0700&amp;apos;
System info: host: &amp;apos;DESKTOP-84BCDDP&amp;apos;, ip: &amp;apos;192.168.56.1&amp;apos;, os.name: &amp;apos;Windows 10&amp;apos;, os.arch: &amp;apos;amd64&amp;apos;, os.version: &amp;apos;10.0&amp;apos;, java.version: &amp;apos;1.8.0_121&amp;apos;
Driver info: org.openqa.selenium.firefox.FirefoxDriver
Capabilities [{moz:profile=C:\Users\User\AppData\Local\Temp\rust_mozprofile.9O3yCvDAD7UA, rotatable=false, timeouts={implicit=0, page load=300000, script=30000}, pageLoadStrategy=normal, platform=ANY, specificationLevel=0, moz:accessibilityChecks=false, acceptInsecureCerts=false, browserVersion=52.0, platformVersion=10.0, moz:processID=7076, browserName=firefox, platformName=windows_nt}]
Session ID: 44a84aaf-5fb7-441d-9544-4c0fcb0154b4
*** Element info: {Using=css selector, value=.md-dialog-content.warning-pop}">
      <![CDATA[org.openqa.selenium.NoSuchElementException: Unable to locate element: .md-dialog-content.warning-pop
For documentation on this error, please visit: http://seleniumhq.org/exceptions/no_such_element.html
Build info: version: '3.0.1', revision: '1969d75', time: '2016-10-18 09:49:13 -0700'
System info: host: 'DESKTOP-84BCDDP', ip: '192.168.56.1', os.name: 'Windows 10', os.arch: 'amd64', os.version: '10.0', java.version: '1.8.0_121'
Driver info: org.openqa.selenium.firefox.FirefoxDriver
Capabilities [{moz:profile=C:\Users\User\AppData\Local\Temp\rust_mozprofile.9O3yCvDAD7UA, rotatable=false, timeouts={implicit=0, page load=300000, script=30000}, pageLoadStrategy=normal, platform=ANY, specificationLevel=0, moz:accessibilityChecks=false, acceptInsecureCerts=false, browserVersion=52.0, platformVersion=10.0, moz:processID=7076, browserName=firefox, platformName=windows_nt}]
Session ID: 44a84aaf-5fb7-441d-9544-4c0fcb0154b4
*** Element info: {Using=css selector, value=.md-dialog-content.warning-pop}
	at org.openqa.selenium.remote.http.W3CHttpResponseCodec.createException(W3CHttpResponseCodec.java:127)
	at org.openqa.selenium.remote.http.W3CHttpResponseCodec.decode(W3CHttpResponseCodec.java:93)
	at org.openqa.selenium.remote.http.W3CHttpResponseCodec.decode(W3CHttpResponseCodec.java:42)
	at org.openqa.selenium.remote.HttpCommandExecutor.execute(HttpCommandExecutor.java:163)
	at org.openqa.selenium.remote.service.DriverCommandExecutor.execute(DriverCommandExecutor.java:82)
	at org.openqa.selenium.remote.RemoteWebDriver.execute(RemoteWebDriver.java:601)
	at org.openqa.selenium.remote.RemoteWebDriver.findElement(RemoteWebDriver.java:368)
	at org.openqa.selenium.remote.RemoteWebDriver.findElementByCssSelector(RemoteWebDriver.java:465)
	at org.openqa.selenium.By$ByCssSelector.findElement(By.java:430)
	at org.openqa.selenium.remote.RemoteWebDriver.findElement(RemoteWebDriver.java:360)
	at portalvalidation.NewtRegistration.testUsingExcel(NewtRegistration.java:255)
... Removed 28 stack frames]]>
    </failure>
  </testcase> <!-- testUsingExcel -->
  <testcase name="testUsingExcel" time="35.113" classname="portalvalidation.NewtRegistration">
    <failure type="org.openqa.selenium.NoSuchElementException" message="Unable to locate element: .md-dialog-content.warning-pop
For documentation on this error, please visit: http://seleniumhq.org/exceptions/no_such_element.html
Build info: version: &amp;apos;3.0.1&amp;apos;, revision: &amp;apos;1969d75&amp;apos;, time: &amp;apos;2016-10-18 09:49:13 -0700&amp;apos;
System info: host: &amp;apos;DESKTOP-84BCDDP&amp;apos;, ip: &amp;apos;192.168.56.1&amp;apos;, os.name: &amp;apos;Windows 10&amp;apos;, os.arch: &amp;apos;amd64&amp;apos;, os.version: &amp;apos;10.0&amp;apos;, java.version: &amp;apos;1.8.0_121&amp;apos;
Driver info: org.openqa.selenium.firefox.FirefoxDriver
Capabilities [{moz:profile=C:\Users\User\AppData\Local\Temp\rust_mozprofile.9O3yCvDAD7UA, rotatable=false, timeouts={implicit=0, page load=300000, script=30000}, pageLoadStrategy=normal, platform=ANY, specificationLevel=0, moz:accessibilityChecks=false, acceptInsecureCerts=false, browserVersion=52.0, platformVersion=10.0, moz:processID=7076, browserName=firefox, platformName=windows_nt}]
Session ID: 44a84aaf-5fb7-441d-9544-4c0fcb0154b4
*** Element info: {Using=css selector, value=.md-dialog-content.warning-pop}">
      <![CDATA[org.openqa.selenium.NoSuchElementException: Unable to locate element: .md-dialog-content.warning-pop
For documentation on this error, please visit: http://seleniumhq.org/exceptions/no_such_element.html
Build info: version: '3.0.1', revision: '1969d75', time: '2016-10-18 09:49:13 -0700'
System info: host: 'DESKTOP-84BCDDP', ip: '192.168.56.1', os.name: 'Windows 10', os.arch: 'amd64', os.version: '10.0', java.version: '1.8.0_121'
Driver info: org.openqa.selenium.firefox.FirefoxDriver
Capabilities [{moz:profile=C:\Users\User\AppData\Local\Temp\rust_mozprofile.9O3yCvDAD7UA, rotatable=false, timeouts={implicit=0, page load=300000, script=30000}, pageLoadStrategy=normal, platform=ANY, specificationLevel=0, moz:accessibilityChecks=false, acceptInsecureCerts=false, browserVersion=52.0, platformVersion=10.0, moz:processID=7076, browserName=firefox, platformName=windows_nt}]
Session ID: 44a84aaf-5fb7-441d-9544-4c0fcb0154b4
*** Element info: {Using=css selector, value=.md-dialog-content.warning-pop}
	at org.openqa.selenium.remote.http.W3CHttpResponseCodec.createException(W3CHttpResponseCodec.java:127)
	at org.openqa.selenium.remote.http.W3CHttpResponseCodec.decode(W3CHttpResponseCodec.java:93)
	at org.openqa.selenium.remote.http.W3CHttpResponseCodec.decode(W3CHttpResponseCodec.java:42)
	at org.openqa.selenium.remote.HttpCommandExecutor.execute(HttpCommandExecutor.java:163)
	at org.openqa.selenium.remote.service.DriverCommandExecutor.execute(DriverCommandExecutor.java:82)
	at org.openqa.selenium.remote.RemoteWebDriver.execute(RemoteWebDriver.java:601)
	at org.openqa.selenium.remote.RemoteWebDriver.findElement(RemoteWebDriver.java:368)
	at org.openqa.selenium.remote.RemoteWebDriver.findElementByCssSelector(RemoteWebDriver.java:465)
	at org.openqa.selenium.By$ByCssSelector.findElement(By.java:430)
	at org.openqa.selenium.remote.RemoteWebDriver.findElement(RemoteWebDriver.java:360)
	at portalvalidation.NewtRegistration.testUsingExcel(NewtRegistration.java:255)
... Removed 28 stack frames]]>
    </failure>
  </testcase> <!-- testUsingExcel -->
  <testcase name="testUsingExcel" time="30.766" classname="portalvalidation.NewtRegistration">
    <failure type="org.openqa.selenium.NoSuchElementException" message="Unable to locate element: .md-dialog-content.warning-pop
For documentation on this error, please visit: http://seleniumhq.org/exceptions/no_such_element.html
Build info: version: &amp;apos;3.0.1&amp;apos;, revision: &amp;apos;1969d75&amp;apos;, time: &amp;apos;2016-10-18 09:49:13 -0700&amp;apos;
System info: host: &amp;apos;DESKTOP-84BCDDP&amp;apos;, ip: &amp;apos;192.168.56.1&amp;apos;, os.name: &amp;apos;Windows 10&amp;apos;, os.arch: &amp;apos;amd64&amp;apos;, os.version: &amp;apos;10.0&amp;apos;, java.version: &amp;apos;1.8.0_121&amp;apos;
Driver info: org.openqa.selenium.firefox.FirefoxDriver
Capabilities [{moz:profile=C:\Users\User\AppData\Local\Temp\rust_mozprofile.9O3yCvDAD7UA, rotatable=false, timeouts={implicit=0, page load=300000, script=30000}, pageLoadStrategy=normal, platform=ANY, specificationLevel=0, moz:accessibilityChecks=false, acceptInsecureCerts=false, browserVersion=52.0, platformVersion=10.0, moz:processID=7076, browserName=firefox, platformName=windows_nt}]
Session ID: 44a84aaf-5fb7-441d-9544-4c0fcb0154b4
*** Element info: {Using=css selector, value=.md-dialog-content.warning-pop}">
      <![CDATA[org.openqa.selenium.NoSuchElementException: Unable to locate element: .md-dialog-content.warning-pop
For documentation on this error, please visit: http://seleniumhq.org/exceptions/no_such_element.html
Build info: version: '3.0.1', revision: '1969d75', time: '2016-10-18 09:49:13 -0700'
System info: host: 'DESKTOP-84BCDDP', ip: '192.168.56.1', os.name: 'Windows 10', os.arch: 'amd64', os.version: '10.0', java.version: '1.8.0_121'
Driver info: org.openqa.selenium.firefox.FirefoxDriver
Capabilities [{moz:profile=C:\Users\User\AppData\Local\Temp\rust_mozprofile.9O3yCvDAD7UA, rotatable=false, timeouts={implicit=0, page load=300000, script=30000}, pageLoadStrategy=normal, platform=ANY, specificationLevel=0, moz:accessibilityChecks=false, acceptInsecureCerts=false, browserVersion=52.0, platformVersion=10.0, moz:processID=7076, browserName=firefox, platformName=windows_nt}]
Session ID: 44a84aaf-5fb7-441d-9544-4c0fcb0154b4
*** Element info: {Using=css selector, value=.md-dialog-content.warning-pop}
	at org.openqa.selenium.remote.http.W3CHttpResponseCodec.createException(W3CHttpResponseCodec.java:127)
	at org.openqa.selenium.remote.http.W3CHttpResponseCodec.decode(W3CHttpResponseCodec.java:93)
	at org.openqa.selenium.remote.http.W3CHttpResponseCodec.decode(W3CHttpResponseCodec.java:42)
	at org.openqa.selenium.remote.HttpCommandExecutor.execute(HttpCommandExecutor.java:163)
	at org.openqa.selenium.remote.service.DriverCommandExecutor.execute(DriverCommandExecutor.java:82)
	at org.openqa.selenium.remote.RemoteWebDriver.execute(RemoteWebDriver.java:601)
	at org.openqa.selenium.remote.RemoteWebDriver.findElement(RemoteWebDriver.java:368)
	at org.openqa.selenium.remote.RemoteWebDriver.findElementByCssSelector(RemoteWebDriver.java:465)
	at org.openqa.selenium.By$ByCssSelector.findElement(By.java:430)
	at org.openqa.selenium.remote.RemoteWebDriver.findElement(RemoteWebDriver.java:360)
	at portalvalidation.NewtRegistration.testUsingExcel(NewtRegistration.java:275)
... Removed 28 stack frames]]>
    </failure>
  </testcase> <!-- testUsingExcel -->
  <testcase name="testUsingExcel" time="45.74" classname="portalvalidation.NewtRegistration"/>
  <testcase name="testUsingExcel" time="39.687" classname="portalvalidation.NewtRegistration"/>
  <testcase name="testUsingExcel" time="46.447" classname="portalvalidation.NewtRegistration"/>
  <testcase name="testUsingExcel" time="46.042" classname="portalvalidation.NewtRegistration"/>
  <testcase name="testUsingExcel" time="47.153" classname="portalvalidation.NewtRegistration"/>
  <testcase name="testUsingExcel" time="45.967" classname="portalvalidation.NewtRegistration"/>
  <testcase name="testUsingExcel" time="46.244" classname="portalvalidation.NewtRegistration"/>
  <testcase name="testUsingExcel" time="46.203" classname="portalvalidation.NewtRegistration"/>
</testsuite> <!-- Test -->
